<?xml version="1.0" encoding="UTF-8"?>
<testng-results skipped="0" failed="0" ignored="4" total="5" passed="1">
  <reporter-output>
  </reporter-output>
  <suite name="Default suite" duration-ms="7492" started-at="2022-07-17T03:23:57Z" finished-at="2022-07-17T03:24:05Z">
    <groups>
    </groups>
    <test name="Default test" duration-ms="7492" started-at="2022-07-17T03:23:57Z" finished-at="2022-07-17T03:24:05Z">
      <class name="qaautomation.july2022.WebTestPOM">
        <test-method status="PASS" signature="setUp()[pri:0, instance:qaautomation.july2022.WebTestPOM@69e1dd28]" name="setUp" is-config="true" duration-ms="2285" started-at="2022-07-17T03:23:57Z" finished-at="2022-07-17T03:24:00Z">
          <reporter-output>
          </reporter-output>
        </test-method> <!-- setUp -->
        <test-method status="PASS" signature="testLogin()[pri:0, instance:qaautomation.july2022.WebTestPOM@69e1dd28]" name="testLogin" duration-ms="4396" started-at="2022-07-17T03:24:00Z" finished-at="2022-07-17T03:24:04Z">
          <reporter-output>
          </reporter-output>
        </test-method> <!-- testLogin -->
        <test-method status="PASS" signature="tearDown()[pri:0, instance:qaautomation.july2022.WebTestPOM@69e1dd28]" name="tearDown" is-config="true" duration-ms="646" started-at="2022-07-17T03:24:04Z" finished-at="2022-07-17T03:24:05Z">
          <reporter-output>
          </reporter-output>
        </test-method> <!-- tearDown -->
      </class> <!-- qaautomation.july2022.WebTestPOM -->
    </test> <!-- Default test -->
  </suite> <!-- Default suite -->
</testng-results>
