<?xml version="1.0" encoding="UTF-8"?>
<!-- Generated by org.testng.reporters.JUnitXMLReporter -->
<testsuite hostname="KAFEER" ignored="0" name="Test" tests="5" failures="0" timestamp="17 Jul 2022 03:21:03 GMT" time="28.085" errors="0">
  <testcase name="testLogin" time="4.175" classname="qaautomation.july2022.WebTestPOM"/>
  <testcase name="testLoginWrongPassword" time="4.313" classname="qaautomation.july2022.WebTestPOM"/>
  <testcase name="testLoginNew" time="4.991" classname="qaautomation.july2022.WebTestPOM"/>
  <testcase name="testLoginWrongUsername" time="3.609" classname="qaautomation.july2022.WebTestPOM"/>
  <testcase name="testLoginWrongUsernameAndPassword" time="3.661" classname="qaautomation.july2022.WebTestPOM"/>
</testsuite> <!-- Test -->
