<?xml version="1.0" encoding="UTF-8"?>
<!-- Generated by org.testng.reporters.JUnitXMLReporter -->
<testsuite hostname="KAFEER" ignored="4" name="Default test" tests="1" failures="0" timestamp="17 Jul 2022 03:24:05 GMT" time="7.492" errors="0">
  <testcase name="testLogin" time="4.396" classname="qaautomation.july2022.WebTestPOM"/>
  <testcase name="testLoginWrongPassword" time="0.0" classname="qaautomation.july2022.WebTestPOM">
    <ignored/>
  </testcase> <!-- testLoginWrongPassword -->
  <testcase name="testLoginWrongUsernameAndPassword" time="0.0" classname="qaautomation.july2022.WebTestPOM">
    <ignored/>
  </testcase> <!-- testLoginWrongUsernameAndPassword -->
  <testcase name="testLoginWrongUsername" time="0.0" classname="qaautomation.july2022.WebTestPOM">
    <ignored/>
  </testcase> <!-- testLoginWrongUsername -->
  <testcase name="testLoginNew" time="0.0" classname="qaautomation.july2022.WebTestPOM">
    <ignored/>
  </testcase> <!-- testLoginNew -->
</testsuite> <!-- Default test -->
