<?xml version="1.0" encoding="UTF-8"?>
<!-- Generated by org.testng.reporters.JUnitXMLReporter -->
<testsuite hostname="KAFEER" ignored="0" name="Default test" tests="4" failures="0" timestamp="16 Jul 2022 03:53:45 GMT" time="40.776" errors="0">
  <testcase name="testLogin" time="8.141" classname="qaautomation.july2022.WebTestAfterRefactor"/>
  <testcase name="testLoginWrongPassword" time="6.722" classname="qaautomation.july2022.WebTestAfterRefactor"/>
  <testcase name="testLoginWrongUsername" time="6.389" classname="qaautomation.july2022.WebTestAfterRefactor"/>
  <testcase name="testLoginWrongUsernameAndPassword" time="9.288" classname="qaautomation.july2022.WebTestAfterRefactor"/>
</testsuite> <!-- Default test -->
